TN:
SF:src\entities\product\api\mockApi.ts
FN:13,delay
FN:17,seed
FN:94,categories
FN:97,listProducts
FN:117,getProduct
FN:121,upsertProduct
FN:130,reset
FNF:7
FNH:1
FNDA:0,delay
FNDA:1,seed
FNDA:0,categories
FNDA:0,listProducts
FNDA:0,getProduct
FNDA:0,upsertProduct
FNDA:0,reset
DA:1,1
DA:2,1
DA:3,1
DA:4,1
DA:5,1
DA:6,1
DA:7,1
DA:8,1
DA:9,1
DA:10,1
DA:11,1
DA:12,1
DA:13,0
DA:14,0
DA:15,0
DA:16,1
DA:17,1
DA:18,1
DA:19,1
DA:20,1
DA:21,1
DA:22,1
DA:23,1
DA:24,1
DA:25,1
DA:26,1
DA:27,1
DA:28,1
DA:29,1
DA:30,1
DA:31,1
DA:32,1
DA:33,1
DA:34,1
DA:35,1
DA:36,1
DA:37,1
DA:38,1
DA:39,1
DA:40,1
DA:41,1
DA:42,1
DA:43,1
DA:44,1
DA:45,1
DA:46,1
DA:47,1
DA:48,1
DA:49,1
DA:50,1
DA:51,1
DA:52,1
DA:53,1
DA:54,1
DA:55,1
DA:56,1
DA:57,1
DA:58,1
DA:59,1
DA:60,1
DA:61,1
DA:62,1
DA:63,1
DA:64,1
DA:65,1
DA:66,1
DA:67,1
DA:68,1
DA:69,1
DA:70,1
DA:71,1
DA:72,1
DA:73,1
DA:74,1
DA:75,1
DA:76,1
DA:77,1
DA:78,1
DA:79,1
DA:80,1
DA:81,1
DA:82,1
DA:83,1
DA:84,1
DA:85,1
DA:86,1
DA:87,1
DA:88,1
DA:89,1
DA:90,1
DA:91,1
DA:92,1
DA:93,1
DA:94,1
DA:95,0
DA:96,1
DA:97,1
DA:98,0
DA:99,0
DA:100,0
DA:101,0
DA:102,0
DA:103,0
DA:104,0
DA:105,0
DA:106,0
DA:107,0
DA:108,0
DA:109,0
DA:110,0
DA:111,0
DA:112,0
DA:113,0
DA:114,0
DA:115,1
DA:116,1
DA:117,1
DA:118,0
DA:119,0
DA:120,1
DA:121,1
DA:122,0
DA:123,0
DA:124,0
DA:125,0
DA:126,0
DA:127,0
DA:128,0
DA:129,1
DA:130,1
DA:131,0
DA:132,0
DA:133,0
DA:134,0
DA:135,1
LF:135
LH:101
BRDA:17,0,0,1
BRDA:19,1,0,0
BRF:2
BRH:1
end_of_record
TN:
SF:src\entities\product\model\products.ts
FN:24,fn
FNF:1
FNH:1
FNDA:3,fn
DA:1,1
DA:2,1
DA:3,1
DA:4,1
DA:5,1
DA:6,1
DA:7,1
DA:8,1
DA:9,1
DA:10,1
DA:11,1
DA:12,1
DA:13,1
DA:14,1
DA:15,1
DA:16,1
DA:17,1
DA:18,1
DA:19,1
DA:20,1
DA:21,1
DA:22,1
DA:23,1
DA:24,1
DA:25,1
DA:26,1
LF:26
LH:26
BRDA:7,0,0,3
BRDA:7,1,0,0
BRDA:14,2,0,3
BRDA:17,3,0,3
BRDA:18,4,0,3
BRDA:24,5,0,3
BRF:6
BRH:5
end_of_record
TN:
SF:src\entities\product\ui\ProductCard.tsx
FN:8,ProductCard
FN:33,onClick
FNF:2
FNH:2
FNDA:1,ProductCard
FNDA:1,onClick
DA:1,1
DA:2,1
DA:3,1
DA:4,1
DA:5,1
DA:6,1
DA:7,1
DA:8,1
DA:9,1
DA:10,1
DA:11,1
DA:12,1
DA:13,1
DA:14,1
DA:15,1
DA:16,1
DA:17,1
DA:18,1
DA:19,1
DA:20,1
DA:21,1
DA:22,1
DA:23,1
DA:24,1
DA:25,1
DA:26,1
DA:27,1
DA:28,1
DA:29,1
DA:30,1
DA:31,1
DA:32,1
DA:33,1
DA:34,1
DA:35,1
DA:36,1
DA:37,1
DA:38,1
DA:39,1
DA:40,1
LF:40
LH:40
BRDA:8,0,0,1
BRDA:15,1,0,0
BRDA:33,2,0,1
BRF:3
BRH:2
end_of_record
TN:
SF:src\features\cart\model\cart.ts
FN:14,loadCart
FN:15,saveCart
FN:66,useCartProducts
FNF:3
FNH:2
FNDA:1,loadCart
FNDA:3,saveCart
FNDA:0,useCartProducts
DA:1,1
DA:2,1
DA:3,1
DA:4,1
DA:5,1
DA:6,1
DA:7,1
DA:8,1
DA:9,1
DA:10,1
DA:11,1
DA:12,1
DA:13,1
DA:14,1
DA:15,1
DA:16,1
DA:17,1
DA:18,1
DA:19,1
DA:20,1
DA:21,1
DA:22,1
DA:23,1
DA:24,1
DA:25,1
DA:26,1
DA:27,1
DA:28,1
DA:29,1
DA:30,1
DA:31,1
DA:32,1
DA:33,1
DA:34,1
DA:35,1
DA:36,1
DA:37,1
DA:38,1
DA:39,1
DA:40,1
DA:41,1
DA:42,1
DA:43,1
DA:44,1
DA:45,1
DA:46,1
DA:47,1
DA:48,1
DA:49,1
DA:50,1
DA:51,1
DA:52,1
DA:53,1
DA:54,1
DA:55,1
DA:56,1
DA:57,1
DA:58,1
DA:59,1
DA:60,1
DA:61,1
DA:62,1
DA:63,1
DA:64,1
DA:65,1
DA:66,0
DA:67,0
DA:68,0
DA:69,0
DA:70,0
DA:71,0
DA:72,0
DA:73,0
DA:74,0
LF:74
LH:65
BRDA:14,0,0,1
BRDA:15,1,0,3
BRDA:20,2,0,3
BRDA:20,3,0,1
BRDA:27,4,0,1
BRDA:29,5,0,0
BRDA:35,6,0,1
BRDA:37,7,0,1
BRDA:39,8,0,0
BRDA:42,9,0,1
BRDA:44,10,0,0
BRDA:43,11,0,1
BRDA:47,12,0,1
BRF:13
BRH:10
end_of_record
TN:
SF:src\shared\hooks\useImageLoaded.ts
FN:3,useImageLoaded
FN:10,img.onload
FNF:2
FNH:1
FNDA:1,useImageLoaded
FNDA:0,img.onload
DA:1,1
DA:2,1
DA:3,1
DA:4,1
DA:5,1
DA:6,1
DA:7,1
DA:8,0
DA:9,0
DA:10,0
DA:11,0
DA:12,1
DA:13,1
DA:14,1
DA:15,1
DA:16,1
DA:17,1
LF:17
LH:13
BRDA:3,0,0,1
BRDA:6,1,0,1
BRDA:7,2,0,0
BRF:3
BRH:2
end_of_record
TN:
SF:src\shared\lib\id.ts
FN:2,newId
FNF:1
FNH:1
FNDA:5,newId
DA:1,1
DA:2,5
DA:3,5
DA:4,5
DA:5,5
LF:5
LH:5
BRDA:2,0,0,5
BRF:1
BRH:1
end_of_record
TN:
SF:src\shared\lib\money.ts
FN:3,formatCents
FN:8,add
FNF:2
FNH:2
FNDA:1,formatCents
FNDA:2,add
DA:1,1
DA:2,1
DA:3,1
DA:4,1
DA:5,1
DA:6,1
DA:7,1
DA:8,2
DA:9,2
DA:10,2
LF:10
LH:10
BRDA:3,0,0,1
BRDA:8,1,0,2
BRF:2
BRH:2
end_of_record
TN:
SF:src\shared\lib\storage.ts
FN:4,getKey
FN:8,readJSON
FN:17,writeJSON
FN:21,remove
FNF:4
FNH:3
FNDA:8,getKey
FNDA:2,readJSON
FNDA:6,writeJSON
FNDA:0,remove
DA:1,1
DA:2,1
DA:3,1
DA:4,8
DA:5,8
DA:6,8
DA:7,1
DA:8,2
DA:9,2
DA:10,2
DA:11,2
DA:12,2
DA:13,0
DA:14,0
DA:15,2
DA:16,1
DA:17,6
DA:18,6
DA:19,6
DA:20,1
DA:21,0
DA:22,0
DA:23,0
LF:23
LH:18
BRDA:4,0,0,8
BRDA:8,1,0,2
BRDA:11,2,0,0
BRDA:12,3,0,0
BRDA:17,4,0,6
BRF:5
BRH:3
end_of_record
TN:
SF:src\shared\ui\Skeleton.tsx
FN:11,Skeleton
FNF:1
FNH:1
FNDA:1,Skeleton
DA:1,1
DA:2,1
DA:3,1
DA:4,1
DA:5,1
DA:6,1
DA:7,1
DA:8,1
DA:9,1
DA:10,1
DA:11,1
DA:12,1
DA:13,1
DA:14,1
DA:15,1
DA:16,1
DA:17,1
DA:18,1
DA:19,1
DA:20,0
DA:21,0
DA:22,0
DA:23,0
DA:24,0
DA:25,0
DA:26,0
DA:27,0
DA:28,1
DA:29,1
LF:29
LH:21
BRDA:11,0,0,1
BRDA:20,1,0,0
BRF:2
BRH:1
end_of_record
